c:\users\ilab\source\repos\trustkern\trusthubwin\trusthubwin\x64\debug\vc140.pdb
c:\users\ilab\source\repos\trustkern\trusthubwin\trusthubwin\x64\debug\trusthubcallout.obj
c:\users\ilab\source\repos\trustkern\trusthubwin\trusthubwin\x64\debug\queue.obj
c:\users\ilab\source\repos\trustkern\trusthubwin\trusthubwin\x64\debug\driver.obj
c:\users\ilab\source\repos\trustkern\trusthubwin\x64\debug\trusthubwin\trusthubwin.cat
c:\users\ilab\source\repos\trustkern\trusthubwin\x64\debug\trusthubwin.sys
c:\users\ilab\source\repos\trustkern\trusthubwin\x64\debug\trusthubwin.pdb
c:\users\ilab\source\repos\trustkern\trusthubwin\trusthubwin\x64\debug\trusthubwin.inf
c:\users\ilab\source\repos\trustkern\trusthubwin\x64\debug\trusthubwin.cer
c:\users\ilab\source\repos\trustkern\trusthubwin\x64\debug\trusthubwin.inf
c:\users\ilab\source\repos\trustkern\trusthubwin\trusthubwin\x64\debug\trusthubwin.tlog\cl.command.1.tlog
c:\users\ilab\source\repos\trustkern\trusthubwin\trusthubwin\x64\debug\trusthubwin.tlog\cl.read.1.tlog
c:\users\ilab\source\repos\trustkern\trusthubwin\trusthubwin\x64\debug\trusthubwin.tlog\cl.write.1.tlog
c:\users\ilab\source\repos\trustkern\trusthubwin\trusthubwin\x64\debug\trusthubwin.tlog\inf2cat-expand.5980.read.1.tlog
c:\users\ilab\source\repos\trustkern\trusthubwin\trusthubwin\x64\debug\trusthubwin.tlog\inf2cat-expand.5980.write.1.tlog
c:\users\ilab\source\repos\trustkern\trusthubwin\trusthubwin\x64\debug\trusthubwin.tlog\inf2cat-expand.6564.read.1.tlog
c:\users\ilab\source\repos\trustkern\trusthubwin\trusthubwin\x64\debug\trusthubwin.tlog\inf2cat-expand.6564.write.1.tlog
c:\users\ilab\source\repos\trustkern\trusthubwin\trusthubwin\x64\debug\trusthubwin.tlog\inf2cat-expand.7188.read.1.tlog
c:\users\ilab\source\repos\trustkern\trusthubwin\trusthubwin\x64\debug\trusthubwin.tlog\inf2cat-expand.7188.write.1.tlog
c:\users\ilab\source\repos\trustkern\trusthubwin\trusthubwin\x64\debug\trusthubwin.tlog\inf2cat-expand.read.1.tlog
c:\users\ilab\source\repos\trustkern\trusthubwin\trusthubwin\x64\debug\trusthubwin.tlog\inf2cat-expand.write.1.tlog
c:\users\ilab\source\repos\trustkern\trusthubwin\trusthubwin\x64\debug\trusthubwin.tlog\inf2cat.command.1.tlog
c:\users\ilab\source\repos\trustkern\trusthubwin\trusthubwin\x64\debug\trusthubwin.tlog\inf2cat.read.1.tlog
c:\users\ilab\source\repos\trustkern\trusthubwin\trusthubwin\x64\debug\trusthubwin.tlog\inf2cat.read.8.tlog
c:\users\ilab\source\repos\trustkern\trusthubwin\trusthubwin\x64\debug\trusthubwin.tlog\inf2cat.write.1.tlog
c:\users\ilab\source\repos\trustkern\trusthubwin\trusthubwin\x64\debug\trusthubwin.tlog\inf2cat.write.8.tlog
c:\users\ilab\source\repos\trustkern\trusthubwin\trusthubwin\x64\debug\trusthubwin.tlog\link.command.1.tlog
c:\users\ilab\source\repos\trustkern\trusthubwin\trusthubwin\x64\debug\trusthubwin.tlog\link.read.1.tlog
c:\users\ilab\source\repos\trustkern\trusthubwin\trusthubwin\x64\debug\trusthubwin.tlog\link.write.1.tlog
c:\users\ilab\source\repos\trustkern\trusthubwin\trusthubwin\x64\debug\trusthubwin.tlog\signtool.command.1.tlog
c:\users\ilab\source\repos\trustkern\trusthubwin\trusthubwin\x64\debug\trusthubwin.tlog\signtool.read.1.tlog
c:\users\ilab\source\repos\trustkern\trusthubwin\trusthubwin\x64\debug\trusthubwin.tlog\signtool.timestamp.1.tlog
c:\users\ilab\source\repos\trustkern\trusthubwin\trusthubwin\x64\debug\trusthubwin.tlog\signtool.write.1.tlog
c:\users\ilab\source\repos\trustkern\trusthubwin\trusthubwin\x64\debug\trusthubwin.tlog\stampinf.command.1.tlog
c:\users\ilab\source\repos\trustkern\trusthubwin\trusthubwin\x64\debug\trusthubwin.tlog\stampinf.read.1.tlog
c:\users\ilab\source\repos\trustkern\trusthubwin\trusthubwin\x64\debug\trusthubwin.tlog\stampinf.write.1.tlog
